<?xml version="1.0" encoding="UTF-8"?>
<robot generator="Robot 6.1.1 (Python 3.10.12 on linux)" generated="20241111 20:21:09.285" rpa="false" schemaversion="4">
<suite id="s1" name="Tests" source="/home/ejkilpi/palautusrepositorio/viikko3/web-login/src/tests">
<suite id="s1-s1" name="Home" source="/home/ejkilpi/palautusrepositorio/viikko3/web-login/src/tests/home.robot">
<kw name="Open And Configure Browser" library="resource" type="SETUP">
<if>
<branch type="IF" condition="$BROWSER == 'chrome'">
<kw name="Evaluate" library="BuiltIn">
<var>${options}</var>
<arg>sys.modules['selenium.webdriver'].ChromeOptions()</arg>
<arg>sys</arg>
<doc>Evaluates the given expression in Python and returns the result.</doc>
<msg timestamp="20241111 20:21:09.442" level="INFO">${options} = &lt;selenium.webdriver.chrome.options.Options object at 0x7cfb7141c2b0&gt;</msg>
<status status="PASS" starttime="20241111 20:21:09.442" endtime="20241111 20:21:09.442"/>
</kw>
<status status="PASS" starttime="20241111 20:21:09.431" endtime="20241111 20:21:09.442"/>
</branch>
<branch type="ELSE IF" condition="$BROWSER == 'firefox'">
<kw name="Evaluate" library="BuiltIn">
<var>${options}</var>
<arg>sys.modules['selenium.webdriver'].FirefoxOptions()</arg>
<arg>sys</arg>
<doc>Evaluates the given expression in Python and returns the result.</doc>
<status status="NOT RUN" starttime="20241111 20:21:09.442" endtime="20241111 20:21:09.443"/>
</kw>
<status status="NOT RUN" starttime="20241111 20:21:09.442" endtime="20241111 20:21:09.443"/>
</branch>
<status status="PASS" starttime="20241111 20:21:09.431" endtime="20241111 20:21:09.443"/>
</if>
<if>
<branch type="IF" condition="$HEADLESS == 'true'">
<kw name="Set Selenium Speed" library="SeleniumLibrary">
<arg>0</arg>
<doc>Sets the delay that is waited after each Selenium command.</doc>
<status status="NOT RUN" starttime="20241111 20:21:09.443" endtime="20241111 20:21:09.443"/>
</kw>
<kw name="Call Method" library="BuiltIn">
<arg>${options}</arg>
<arg>add_argument</arg>
<arg>--headless</arg>
<doc>Calls the named method of the given object with the provided arguments.</doc>
<status status="NOT RUN" starttime="20241111 20:21:09.443" endtime="20241111 20:21:09.443"/>
</kw>
<status status="NOT RUN" starttime="20241111 20:21:09.443" endtime="20241111 20:21:09.443"/>
</branch>
<branch type="ELSE">
<kw name="Set Selenium Speed" library="SeleniumLibrary">
<arg>${DELAY}</arg>
<doc>Sets the delay that is waited after each Selenium command.</doc>
<status status="PASS" starttime="20241111 20:21:09.443" endtime="20241111 20:21:09.443"/>
</kw>
<status status="PASS" starttime="20241111 20:21:09.443" endtime="20241111 20:21:09.443"/>
</branch>
<status status="PASS" starttime="20241111 20:21:09.443" endtime="20241111 20:21:09.443"/>
</if>
<kw name="Open Browser" library="SeleniumLibrary">
<arg>browser=${BROWSER}</arg>
<arg>options=${options}</arg>
<doc>Opens a new browser instance to the optional ``url``.</doc>
<msg timestamp="20241111 20:21:09.444" level="INFO">Opening browser 'chrome' to base url 'None'.</msg>
<status status="PASS" starttime="20241111 20:21:09.443" endtime="20241111 20:21:09.796"/>
</kw>
<status status="PASS" starttime="20241111 20:21:09.431" endtime="20241111 20:21:09.796"/>
</kw>
<test id="s1-s1-t1" name="Click Login Link" line="8">
<kw name="Reset Application And Go To Starting Page" type="SETUP">
<kw name="Reset Application" library="resource">
<kw name="Go To" library="SeleniumLibrary">
<arg>${RESET_URL}</arg>
<doc>Navigates the current browser window to the provided ``url``.</doc>
<msg timestamp="20241111 20:21:09.797" level="INFO">Opening url 'http://localhost:5001/tests/reset'</msg>
<status status="PASS" starttime="20241111 20:21:09.797" endtime="20241111 20:21:10.331"/>
</kw>
<status status="PASS" starttime="20241111 20:21:09.797" endtime="20241111 20:21:10.331"/>
</kw>
<kw name="Go To Starting Page" library="resource">
<kw name="Go To" library="SeleniumLibrary">
<arg>${HOME_URL}</arg>
<doc>Navigates the current browser window to the provided ``url``.</doc>
<msg timestamp="20241111 20:21:10.333" level="INFO">Opening url 'http://localhost:5001'</msg>
<status status="PASS" starttime="20241111 20:21:10.332" endtime="20241111 20:21:10.860"/>
</kw>
<status status="PASS" starttime="20241111 20:21:10.332" endtime="20241111 20:21:10.860"/>
</kw>
<status status="PASS" starttime="20241111 20:21:09.797" endtime="20241111 20:21:10.860"/>
</kw>
<kw name="Click Link" library="SeleniumLibrary">
<arg>Login</arg>
<doc>Clicks a link identified by ``locator``.</doc>
<msg timestamp="20241111 20:21:10.861" level="INFO">Clicking link 'Login'.</msg>
<status status="PASS" starttime="20241111 20:21:10.860" endtime="20241111 20:21:12.432"/>
</kw>
<kw name="Login Page Should Be Open" library="resource">
<kw name="Title Should Be" library="SeleniumLibrary">
<arg>Login</arg>
<doc>Verifies that the current page title equals ``title``.</doc>
<msg timestamp="20241111 20:21:12.943" level="INFO">Page title is 'Login'.</msg>
<status status="PASS" starttime="20241111 20:21:12.433" endtime="20241111 20:21:12.943"/>
</kw>
<status status="PASS" starttime="20241111 20:21:12.432" endtime="20241111 20:21:12.943"/>
</kw>
<status status="PASS" starttime="20241111 20:21:09.796" endtime="20241111 20:21:12.943"/>
</test>
<test id="s1-s1-t2" name="Click Register Link" line="12">
<kw name="Reset Application And Go To Starting Page" type="SETUP">
<kw name="Reset Application" library="resource">
<kw name="Go To" library="SeleniumLibrary">
<arg>${RESET_URL}</arg>
<doc>Navigates the current browser window to the provided ``url``.</doc>
<msg timestamp="20241111 20:21:12.946" level="INFO">Opening url 'http://localhost:5001/tests/reset'</msg>
<status status="PASS" starttime="20241111 20:21:12.945" endtime="20241111 20:21:13.465"/>
</kw>
<status status="PASS" starttime="20241111 20:21:12.945" endtime="20241111 20:21:13.465"/>
</kw>
<kw name="Go To Starting Page" library="resource">
<kw name="Go To" library="SeleniumLibrary">
<arg>${HOME_URL}</arg>
<doc>Navigates the current browser window to the provided ``url``.</doc>
<msg timestamp="20241111 20:21:13.466" level="INFO">Opening url 'http://localhost:5001'</msg>
<status status="PASS" starttime="20241111 20:21:13.466" endtime="20241111 20:21:13.983"/>
</kw>
<status status="PASS" starttime="20241111 20:21:13.465" endtime="20241111 20:21:13.983"/>
</kw>
<status status="PASS" starttime="20241111 20:21:12.945" endtime="20241111 20:21:13.983"/>
</kw>
<kw name="Click Link" library="SeleniumLibrary">
<arg>Register new user</arg>
<doc>Clicks a link identified by ``locator``.</doc>
<msg timestamp="20241111 20:21:13.984" level="INFO">Clicking link 'Register new user'.</msg>
<status status="PASS" starttime="20241111 20:21:13.983" endtime="20241111 20:21:15.551"/>
</kw>
<kw name="Register Page Should Be Open" library="resource">
<kw name="Title Should Be" library="SeleniumLibrary">
<arg>Register</arg>
<doc>Verifies that the current page title equals ``title``.</doc>
<msg timestamp="20241111 20:21:16.061" level="INFO">Page title is 'Register'.</msg>
<status status="PASS" starttime="20241111 20:21:15.552" endtime="20241111 20:21:16.061"/>
</kw>
<status status="PASS" starttime="20241111 20:21:15.552" endtime="20241111 20:21:16.061"/>
</kw>
<status status="PASS" starttime="20241111 20:21:12.944" endtime="20241111 20:21:16.062"/>
</test>
<kw name="Close Browser" library="SeleniumLibrary" type="TEARDOWN">
<doc>Closes the current browser.</doc>
<status status="PASS" starttime="20241111 20:21:16.063" endtime="20241111 20:21:16.622"/>
</kw>
<status status="PASS" starttime="20241111 20:21:09.296" endtime="20241111 20:21:16.622"/>
</suite>
<suite id="s1-s2" name="Login" source="/home/ejkilpi/palautusrepositorio/viikko3/web-login/src/tests/login.robot">
<kw name="Open And Configure Browser" library="resource" type="SETUP">
<if>
<branch type="IF" condition="$BROWSER == 'chrome'">
<kw name="Evaluate" library="BuiltIn">
<var>${options}</var>
<arg>sys.modules['selenium.webdriver'].ChromeOptions()</arg>
<arg>sys</arg>
<doc>Evaluates the given expression in Python and returns the result.</doc>
<msg timestamp="20241111 20:21:16.631" level="INFO">${options} = &lt;selenium.webdriver.chrome.options.Options object at 0x7cfb71909de0&gt;</msg>
<status status="PASS" starttime="20241111 20:21:16.630" endtime="20241111 20:21:16.631"/>
</kw>
<status status="PASS" starttime="20241111 20:21:16.630" endtime="20241111 20:21:16.631"/>
</branch>
<branch type="ELSE IF" condition="$BROWSER == 'firefox'">
<kw name="Evaluate" library="BuiltIn">
<var>${options}</var>
<arg>sys.modules['selenium.webdriver'].FirefoxOptions()</arg>
<arg>sys</arg>
<doc>Evaluates the given expression in Python and returns the result.</doc>
<status status="NOT RUN" starttime="20241111 20:21:16.631" endtime="20241111 20:21:16.631"/>
</kw>
<status status="NOT RUN" starttime="20241111 20:21:16.631" endtime="20241111 20:21:16.631"/>
</branch>
<status status="PASS" starttime="20241111 20:21:16.630" endtime="20241111 20:21:16.631"/>
</if>
<if>
<branch type="IF" condition="$HEADLESS == 'true'">
<kw name="Set Selenium Speed" library="SeleniumLibrary">
<arg>0</arg>
<doc>Sets the delay that is waited after each Selenium command.</doc>
<status status="NOT RUN" starttime="20241111 20:21:16.632" endtime="20241111 20:21:16.632"/>
</kw>
<kw name="Call Method" library="BuiltIn">
<arg>${options}</arg>
<arg>add_argument</arg>
<arg>--headless</arg>
<doc>Calls the named method of the given object with the provided arguments.</doc>
<status status="NOT RUN" starttime="20241111 20:21:16.632" endtime="20241111 20:21:16.632"/>
</kw>
<status status="NOT RUN" starttime="20241111 20:21:16.632" endtime="20241111 20:21:16.632"/>
</branch>
<branch type="ELSE">
<kw name="Set Selenium Speed" library="SeleniumLibrary">
<arg>${DELAY}</arg>
<doc>Sets the delay that is waited after each Selenium command.</doc>
<status status="PASS" starttime="20241111 20:21:16.632" endtime="20241111 20:21:16.633"/>
</kw>
<status status="PASS" starttime="20241111 20:21:16.632" endtime="20241111 20:21:16.633"/>
</branch>
<status status="PASS" starttime="20241111 20:21:16.632" endtime="20241111 20:21:16.633"/>
</if>
<kw name="Open Browser" library="SeleniumLibrary">
<arg>browser=${BROWSER}</arg>
<arg>options=${options}</arg>
<doc>Opens a new browser instance to the optional ``url``.</doc>
<msg timestamp="20241111 20:21:16.634" level="INFO">Opening browser 'chrome' to base url 'None'.</msg>
<status status="PASS" starttime="20241111 20:21:16.633" endtime="20241111 20:21:17.008"/>
</kw>
<status status="PASS" starttime="20241111 20:21:16.629" endtime="20241111 20:21:17.009"/>
</kw>
<test id="s1-s2-t1" name="Login With Correct Credentials" line="8">
<kw name="Reset Application Create User And Go To Login Page" type="SETUP">
<kw name="Reset Application" library="resource">
<kw name="Go To" library="SeleniumLibrary">
<arg>${RESET_URL}</arg>
<doc>Navigates the current browser window to the provided ``url``.</doc>
<msg timestamp="20241111 20:21:17.010" level="INFO">Opening url 'http://localhost:5001/tests/reset'</msg>
<status status="PASS" starttime="20241111 20:21:17.009" endtime="20241111 20:21:17.542"/>
</kw>
<status status="PASS" starttime="20241111 20:21:17.009" endtime="20241111 20:21:17.542"/>
</kw>
<kw name="Create User" library="AppLibrary">
<arg>kalle</arg>
<arg>kalle123</arg>
<status status="PASS" starttime="20241111 20:21:17.542" endtime="20241111 20:21:17.556"/>
</kw>
<kw name="Go To Login Page" library="resource">
<kw name="Go To" library="SeleniumLibrary">
<arg>${LOGIN_URL}</arg>
<doc>Navigates the current browser window to the provided ``url``.</doc>
<msg timestamp="20241111 20:21:17.557" level="INFO">Opening url 'http://localhost:5001/login'</msg>
<status status="PASS" starttime="20241111 20:21:17.557" endtime="20241111 20:21:18.084"/>
</kw>
<status status="PASS" starttime="20241111 20:21:17.556" endtime="20241111 20:21:18.084"/>
</kw>
<status status="PASS" starttime="20241111 20:21:17.009" endtime="20241111 20:21:18.084"/>
</kw>
<kw name="Set Username">
<arg>kalle</arg>
<kw name="Input Text" library="SeleniumLibrary">
<arg>username</arg>
<arg>${username}</arg>
<doc>Types the given ``text`` into the text field identified by ``locator``.</doc>
<msg timestamp="20241111 20:21:18.086" level="INFO">Typing text 'kalle' into text field 'username'.</msg>
<status status="PASS" starttime="20241111 20:21:18.085" endtime="20241111 20:21:19.668"/>
</kw>
<status status="PASS" starttime="20241111 20:21:18.084" endtime="20241111 20:21:19.668"/>
</kw>
<kw name="Set Password">
<arg>kalle123</arg>
<kw name="Input Password" library="SeleniumLibrary">
<arg>password</arg>
<arg>${password}</arg>
<doc>Types the given password into the text field identified by ``locator``.</doc>
<msg timestamp="20241111 20:21:19.670" level="INFO">Typing password into text field 'password'.</msg>
<msg timestamp="20241111 20:21:20.705" level="INFO">Temporally setting log level to: NONE</msg>
<msg timestamp="20241111 20:21:21.245" level="INFO">Log level changed from NONE to INFO.</msg>
<status status="PASS" starttime="20241111 20:21:19.669" endtime="20241111 20:21:21.245"/>
</kw>
<status status="PASS" starttime="20241111 20:21:19.669" endtime="20241111 20:21:21.245"/>
</kw>
<kw name="Submit Credentials">
<kw name="Click Button" library="SeleniumLibrary">
<arg>Login</arg>
<doc>Clicks the button identified by ``locator``.</doc>
<msg timestamp="20241111 20:21:21.247" level="INFO">Clicking button 'Login'.</msg>
<status status="PASS" starttime="20241111 20:21:21.246" endtime="20241111 20:21:23.354"/>
</kw>
<status status="PASS" starttime="20241111 20:21:21.245" endtime="20241111 20:21:23.354"/>
</kw>
<kw name="Login Should Succeed">
<kw name="Main Page Should Be Open" library="resource">
<kw name="Title Should Be" library="SeleniumLibrary">
<arg>Ohtu Application main page</arg>
<doc>Verifies that the current page title equals ``title``.</doc>
<msg timestamp="20241111 20:21:23.866" level="INFO">Page title is 'Ohtu Application main page'.</msg>
<status status="PASS" starttime="20241111 20:21:23.356" endtime="20241111 20:21:23.866"/>
</kw>
<status status="PASS" starttime="20241111 20:21:23.355" endtime="20241111 20:21:23.866"/>
</kw>
<status status="PASS" starttime="20241111 20:21:23.355" endtime="20241111 20:21:23.866"/>
</kw>
<status status="PASS" starttime="20241111 20:21:17.009" endtime="20241111 20:21:23.866"/>
</test>
<test id="s1-s2-t2" name="Login With Incorrect Password" line="14">
<kw name="Reset Application Create User And Go To Login Page" type="SETUP">
<kw name="Reset Application" library="resource">
<kw name="Go To" library="SeleniumLibrary">
<arg>${RESET_URL}</arg>
<doc>Navigates the current browser window to the provided ``url``.</doc>
<msg timestamp="20241111 20:21:23.869" level="INFO">Opening url 'http://localhost:5001/tests/reset'</msg>
<status status="PASS" starttime="20241111 20:21:23.868" endtime="20241111 20:21:24.386"/>
</kw>
<status status="PASS" starttime="20241111 20:21:23.868" endtime="20241111 20:21:24.386"/>
</kw>
<kw name="Create User" library="AppLibrary">
<arg>kalle</arg>
<arg>kalle123</arg>
<status status="PASS" starttime="20241111 20:21:24.386" endtime="20241111 20:21:24.394"/>
</kw>
<kw name="Go To Login Page" library="resource">
<kw name="Go To" library="SeleniumLibrary">
<arg>${LOGIN_URL}</arg>
<doc>Navigates the current browser window to the provided ``url``.</doc>
<msg timestamp="20241111 20:21:24.395" level="INFO">Opening url 'http://localhost:5001/login'</msg>
<status status="PASS" starttime="20241111 20:21:24.395" endtime="20241111 20:21:24.917"/>
</kw>
<status status="PASS" starttime="20241111 20:21:24.395" endtime="20241111 20:21:24.917"/>
</kw>
<status status="PASS" starttime="20241111 20:21:23.868" endtime="20241111 20:21:24.917"/>
</kw>
<kw name="Set Username">
<arg>kalle</arg>
<kw name="Input Text" library="SeleniumLibrary">
<arg>username</arg>
<arg>${username}</arg>
<doc>Types the given ``text`` into the text field identified by ``locator``.</doc>
<msg timestamp="20241111 20:21:24.919" level="INFO">Typing text 'kalle' into text field 'username'.</msg>
<status status="PASS" starttime="20241111 20:21:24.918" endtime="20241111 20:21:26.488"/>
</kw>
<status status="PASS" starttime="20241111 20:21:24.917" endtime="20241111 20:21:26.488"/>
</kw>
<kw name="Set Password">
<arg>kalle456</arg>
<kw name="Input Password" library="SeleniumLibrary">
<arg>password</arg>
<arg>${password}</arg>
<doc>Types the given password into the text field identified by ``locator``.</doc>
<msg timestamp="20241111 20:21:26.490" level="INFO">Typing password into text field 'password'.</msg>
<msg timestamp="20241111 20:21:27.521" level="INFO">Temporally setting log level to: NONE</msg>
<msg timestamp="20241111 20:21:28.059" level="INFO">Log level changed from NONE to INFO.</msg>
<status status="PASS" starttime="20241111 20:21:26.489" endtime="20241111 20:21:28.059"/>
</kw>
<status status="PASS" starttime="20241111 20:21:26.488" endtime="20241111 20:21:28.060"/>
</kw>
<kw name="Submit Credentials">
<kw name="Click Button" library="SeleniumLibrary">
<arg>Login</arg>
<doc>Clicks the button identified by ``locator``.</doc>
<msg timestamp="20241111 20:21:28.061" level="INFO">Clicking button 'Login'.</msg>
<status status="PASS" starttime="20241111 20:21:28.061" endtime="20241111 20:21:30.132"/>
</kw>
<status status="PASS" starttime="20241111 20:21:28.060" endtime="20241111 20:21:30.132"/>
</kw>
<kw name="Login Should Fail With Message">
<arg>Invalid username or password</arg>
<kw name="Login Page Should Be Open" library="resource">
<kw name="Title Should Be" library="SeleniumLibrary">
<arg>Login</arg>
<doc>Verifies that the current page title equals ``title``.</doc>
<msg timestamp="20241111 20:21:30.642" level="INFO">Page title is 'Login'.</msg>
<status status="PASS" starttime="20241111 20:21:30.134" endtime="20241111 20:21:30.643"/>
</kw>
<status status="PASS" starttime="20241111 20:21:30.133" endtime="20241111 20:21:30.643"/>
</kw>
<kw name="Page Should Contain" library="SeleniumLibrary">
<arg>${message}</arg>
<doc>Verifies that current page contains ``text``.</doc>
<msg timestamp="20241111 20:21:31.666" level="INFO">Current page contains text 'Invalid username or password'.</msg>
<status status="PASS" starttime="20241111 20:21:30.643" endtime="20241111 20:21:31.667"/>
</kw>
<status status="PASS" starttime="20241111 20:21:30.132" endtime="20241111 20:21:31.667"/>
</kw>
<status status="PASS" starttime="20241111 20:21:23.867" endtime="20241111 20:21:31.667"/>
</test>
<test id="s1-s2-t3" name="Login With Nonexistent Username" line="20">
<kw name="Reset Application Create User And Go To Login Page" type="SETUP">
<kw name="Reset Application" library="resource">
<kw name="Go To" library="SeleniumLibrary">
<arg>${RESET_URL}</arg>
<doc>Navigates the current browser window to the provided ``url``.</doc>
<msg timestamp="20241111 20:21:31.670" level="INFO">Opening url 'http://localhost:5001/tests/reset'</msg>
<status status="PASS" starttime="20241111 20:21:31.670" endtime="20241111 20:21:32.187"/>
</kw>
<status status="PASS" starttime="20241111 20:21:31.669" endtime="20241111 20:21:32.188"/>
</kw>
<kw name="Create User" library="AppLibrary">
<arg>kalle</arg>
<arg>kalle123</arg>
<status status="PASS" starttime="20241111 20:21:32.188" endtime="20241111 20:21:32.198"/>
</kw>
<kw name="Go To Login Page" library="resource">
<kw name="Go To" library="SeleniumLibrary">
<arg>${LOGIN_URL}</arg>
<doc>Navigates the current browser window to the provided ``url``.</doc>
<msg timestamp="20241111 20:21:32.199" level="INFO">Opening url 'http://localhost:5001/login'</msg>
<status status="PASS" starttime="20241111 20:21:32.199" endtime="20241111 20:21:32.723"/>
</kw>
<status status="PASS" starttime="20241111 20:21:32.199" endtime="20241111 20:21:32.723"/>
</kw>
<status status="PASS" starttime="20241111 20:21:31.669" endtime="20241111 20:21:32.723"/>
</kw>
<kw name="Set Username">
<arg>ellak</arg>
<kw name="Input Text" library="SeleniumLibrary">
<arg>username</arg>
<arg>${username}</arg>
<doc>Types the given ``text`` into the text field identified by ``locator``.</doc>
<msg timestamp="20241111 20:21:32.725" level="INFO">Typing text 'ellak' into text field 'username'.</msg>
<status status="PASS" starttime="20241111 20:21:32.724" endtime="20241111 20:21:34.295"/>
</kw>
<status status="PASS" starttime="20241111 20:21:32.723" endtime="20241111 20:21:34.295"/>
</kw>
<kw name="Set Password">
<arg>kalle456</arg>
<kw name="Input Password" library="SeleniumLibrary">
<arg>password</arg>
<arg>${password}</arg>
<doc>Types the given password into the text field identified by ``locator``.</doc>
<msg timestamp="20241111 20:21:34.297" level="INFO">Typing password into text field 'password'.</msg>
<msg timestamp="20241111 20:21:35.330" level="INFO">Temporally setting log level to: NONE</msg>
<msg timestamp="20241111 20:21:35.869" level="INFO">Log level changed from NONE to INFO.</msg>
<status status="PASS" starttime="20241111 20:21:34.296" endtime="20241111 20:21:35.869"/>
</kw>
<status status="PASS" starttime="20241111 20:21:34.295" endtime="20241111 20:21:35.870"/>
</kw>
<kw name="Submit Credentials">
<kw name="Click Button" library="SeleniumLibrary">
<arg>Login</arg>
<doc>Clicks the button identified by ``locator``.</doc>
<msg timestamp="20241111 20:21:35.871" level="INFO">Clicking button 'Login'.</msg>
<status status="PASS" starttime="20241111 20:21:35.870" endtime="20241111 20:21:37.939"/>
</kw>
<status status="PASS" starttime="20241111 20:21:35.870" endtime="20241111 20:21:37.939"/>
</kw>
<kw name="Login Should Fail With Message">
<arg>Invalid username or password</arg>
<kw name="Login Page Should Be Open" library="resource">
<kw name="Title Should Be" library="SeleniumLibrary">
<arg>Login</arg>
<doc>Verifies that the current page title equals ``title``.</doc>
<msg timestamp="20241111 20:21:38.449" level="INFO">Page title is 'Login'.</msg>
<status status="PASS" starttime="20241111 20:21:37.940" endtime="20241111 20:21:38.449"/>
</kw>
<status status="PASS" starttime="20241111 20:21:37.940" endtime="20241111 20:21:38.450"/>
</kw>
<kw name="Page Should Contain" library="SeleniumLibrary">
<arg>${message}</arg>
<doc>Verifies that current page contains ``text``.</doc>
<msg timestamp="20241111 20:21:39.470" level="INFO">Current page contains text 'Invalid username or password'.</msg>
<status status="PASS" starttime="20241111 20:21:38.450" endtime="20241111 20:21:39.470"/>
</kw>
<status status="PASS" starttime="20241111 20:21:37.939" endtime="20241111 20:21:39.471"/>
</kw>
<status status="PASS" starttime="20241111 20:21:31.668" endtime="20241111 20:21:39.471"/>
</test>
<kw name="Close Browser" library="SeleniumLibrary" type="TEARDOWN">
<doc>Closes the current browser.</doc>
<status status="PASS" starttime="20241111 20:21:39.471" endtime="20241111 20:21:40.029"/>
</kw>
<status status="PASS" starttime="20241111 20:21:16.624" endtime="20241111 20:21:40.029"/>
</suite>
<suite id="s1-s3" name="Register" source="/home/ejkilpi/palautusrepositorio/viikko3/web-login/src/tests/register.robot">
<kw name="Open And Configure Browser" library="resource" type="SETUP">
<if>
<branch type="IF" condition="$BROWSER == 'chrome'">
<kw name="Evaluate" library="BuiltIn">
<var>${options}</var>
<arg>sys.modules['selenium.webdriver'].ChromeOptions()</arg>
<arg>sys</arg>
<doc>Evaluates the given expression in Python and returns the result.</doc>
<msg timestamp="20241111 20:21:40.036" level="INFO">${options} = &lt;selenium.webdriver.chrome.options.Options object at 0x7cfb71247040&gt;</msg>
<status status="PASS" starttime="20241111 20:21:40.036" endtime="20241111 20:21:40.036"/>
</kw>
<status status="PASS" starttime="20241111 20:21:40.035" endtime="20241111 20:21:40.036"/>
</branch>
<branch type="ELSE IF" condition="$BROWSER == 'firefox'">
<kw name="Evaluate" library="BuiltIn">
<var>${options}</var>
<arg>sys.modules['selenium.webdriver'].FirefoxOptions()</arg>
<arg>sys</arg>
<doc>Evaluates the given expression in Python and returns the result.</doc>
<status status="NOT RUN" starttime="20241111 20:21:40.036" endtime="20241111 20:21:40.036"/>
</kw>
<status status="NOT RUN" starttime="20241111 20:21:40.036" endtime="20241111 20:21:40.036"/>
</branch>
<status status="PASS" starttime="20241111 20:21:40.035" endtime="20241111 20:21:40.036"/>
</if>
<if>
<branch type="IF" condition="$HEADLESS == 'true'">
<kw name="Set Selenium Speed" library="SeleniumLibrary">
<arg>0</arg>
<doc>Sets the delay that is waited after each Selenium command.</doc>
<status status="NOT RUN" starttime="20241111 20:21:40.036" endtime="20241111 20:21:40.036"/>
</kw>
<kw name="Call Method" library="BuiltIn">
<arg>${options}</arg>
<arg>add_argument</arg>
<arg>--headless</arg>
<doc>Calls the named method of the given object with the provided arguments.</doc>
<status status="NOT RUN" starttime="20241111 20:21:40.036" endtime="20241111 20:21:40.036"/>
</kw>
<status status="NOT RUN" starttime="20241111 20:21:40.036" endtime="20241111 20:21:40.036"/>
</branch>
<branch type="ELSE">
<kw name="Set Selenium Speed" library="SeleniumLibrary">
<arg>${DELAY}</arg>
<doc>Sets the delay that is waited after each Selenium command.</doc>
<status status="PASS" starttime="20241111 20:21:40.036" endtime="20241111 20:21:40.037"/>
</kw>
<status status="PASS" starttime="20241111 20:21:40.036" endtime="20241111 20:21:40.037"/>
</branch>
<status status="PASS" starttime="20241111 20:21:40.036" endtime="20241111 20:21:40.037"/>
</if>
<kw name="Open Browser" library="SeleniumLibrary">
<arg>browser=${BROWSER}</arg>
<arg>options=${options}</arg>
<doc>Opens a new browser instance to the optional ``url``.</doc>
<msg timestamp="20241111 20:21:40.037" level="INFO">Opening browser 'chrome' to base url 'None'.</msg>
<status status="PASS" starttime="20241111 20:21:40.037" endtime="20241111 20:21:40.411"/>
</kw>
<status status="PASS" starttime="20241111 20:21:40.035" endtime="20241111 20:21:40.411"/>
</kw>
<test id="s1-s3-t1" name="Register With Valid Username And Password" line="9">
<kw name="Reset Application Create User And Go To Register Page" type="SETUP">
<kw name="Reset Application" library="resource">
<kw name="Go To" library="SeleniumLibrary">
<arg>${RESET_URL}</arg>
<doc>Navigates the current browser window to the provided ``url``.</doc>
<msg timestamp="20241111 20:21:40.412" level="INFO">Opening url 'http://localhost:5001/tests/reset'</msg>
<status status="PASS" starttime="20241111 20:21:40.412" endtime="20241111 20:21:40.945"/>
</kw>
<status status="PASS" starttime="20241111 20:21:40.412" endtime="20241111 20:21:40.945"/>
</kw>
<kw name="Create User" library="AppLibrary">
<arg>kalle</arg>
<arg>kalle123</arg>
<status status="PASS" starttime="20241111 20:21:40.945" endtime="20241111 20:21:40.956"/>
</kw>
<kw name="Go To Register Page" library="resource">
<kw name="Go To" library="SeleniumLibrary">
<arg>${REGISTER_URL}</arg>
<doc>Navigates the current browser window to the provided ``url``.</doc>
<msg timestamp="20241111 20:21:40.958" level="INFO">Opening url 'http://localhost:5001/register'</msg>
<status status="PASS" starttime="20241111 20:21:40.957" endtime="20241111 20:21:41.480"/>
</kw>
<status status="PASS" starttime="20241111 20:21:40.957" endtime="20241111 20:21:41.480"/>
</kw>
<status status="PASS" starttime="20241111 20:21:40.411" endtime="20241111 20:21:41.480"/>
</kw>
<kw name="Set Username">
<arg>eetu</arg>
<kw name="Input Text" library="SeleniumLibrary">
<arg>username</arg>
<arg>${username}</arg>
<doc>Types the given ``text`` into the text field identified by ``locator``.</doc>
<msg timestamp="20241111 20:21:41.482" level="INFO">Typing text 'eetu' into text field 'username'.</msg>
<status status="PASS" starttime="20241111 20:21:41.481" endtime="20241111 20:21:43.066"/>
</kw>
<status status="PASS" starttime="20241111 20:21:41.480" endtime="20241111 20:21:43.066"/>
</kw>
<kw name="Set Password">
<arg>eetu1234</arg>
<kw name="Input Password" library="SeleniumLibrary">
<arg>password</arg>
<arg>${password}</arg>
<doc>Types the given password into the text field identified by ``locator``.</doc>
<msg timestamp="20241111 20:21:43.068" level="INFO">Typing password into text field 'password'.</msg>
<msg timestamp="20241111 20:21:44.107" level="INFO">Temporally setting log level to: NONE</msg>
<msg timestamp="20241111 20:21:44.641" level="INFO">Log level changed from NONE to INFO.</msg>
<status status="PASS" starttime="20241111 20:21:43.067" endtime="20241111 20:21:44.641"/>
</kw>
<status status="PASS" starttime="20241111 20:21:43.066" endtime="20241111 20:21:44.641"/>
</kw>
<kw name="Set Password Confirmation">
<arg>eetu1234</arg>
<kw name="Input Password" library="SeleniumLibrary">
<arg>password_confirmation</arg>
<arg>${password}</arg>
<doc>Types the given password into the text field identified by ``locator``.</doc>
<msg timestamp="20241111 20:21:44.643" level="INFO">Typing password into text field 'password_confirmation'.</msg>
<msg timestamp="20241111 20:21:45.683" level="INFO">Temporally setting log level to: NONE</msg>
<msg timestamp="20241111 20:21:46.221" level="INFO">Log level changed from NONE to INFO.</msg>
<status status="PASS" starttime="20241111 20:21:44.642" endtime="20241111 20:21:46.222"/>
</kw>
<status status="PASS" starttime="20241111 20:21:44.642" endtime="20241111 20:21:46.222"/>
</kw>
<kw name="Submit Credentials">
<kw name="Click Button" library="SeleniumLibrary">
<arg>Register</arg>
<doc>Clicks the button identified by ``locator``.</doc>
<msg timestamp="20241111 20:21:46.223" level="INFO">Clicking button 'Register'.</msg>
<status status="PASS" starttime="20241111 20:21:46.223" endtime="20241111 20:21:48.303"/>
</kw>
<status status="PASS" starttime="20241111 20:21:46.222" endtime="20241111 20:21:48.303"/>
</kw>
<kw name="Register Should Succeed">
<kw name="Welcome Page Should Be Open" library="resource">
<kw name="Title Should Be" library="SeleniumLibrary">
<arg>Welcome to Ohtu Application!</arg>
<doc>Verifies that the current page title equals ``title``.</doc>
<msg timestamp="20241111 20:21:48.815" level="INFO">Page title is 'Welcome to Ohtu Application!'.</msg>
<status status="PASS" starttime="20241111 20:21:48.305" endtime="20241111 20:21:48.815"/>
</kw>
<status status="PASS" starttime="20241111 20:21:48.304" endtime="20241111 20:21:48.816"/>
</kw>
<status status="PASS" starttime="20241111 20:21:48.304" endtime="20241111 20:21:48.816"/>
</kw>
<status status="PASS" starttime="20241111 20:21:40.411" endtime="20241111 20:21:48.816"/>
</test>
<test id="s1-s3-t2" name="Register With Too Short Username And Valid Password" line="16">
<kw name="Reset Application Create User And Go To Register Page" type="SETUP">
<kw name="Reset Application" library="resource">
<kw name="Go To" library="SeleniumLibrary">
<arg>${RESET_URL}</arg>
<doc>Navigates the current browser window to the provided ``url``.</doc>
<msg timestamp="20241111 20:21:48.819" level="INFO">Opening url 'http://localhost:5001/tests/reset'</msg>
<status status="PASS" starttime="20241111 20:21:48.818" endtime="20241111 20:21:49.346"/>
</kw>
<status status="PASS" starttime="20241111 20:21:48.818" endtime="20241111 20:21:49.346"/>
</kw>
<kw name="Create User" library="AppLibrary">
<arg>kalle</arg>
<arg>kalle123</arg>
<status status="PASS" starttime="20241111 20:21:49.347" endtime="20241111 20:21:49.357"/>
</kw>
<kw name="Go To Register Page" library="resource">
<kw name="Go To" library="SeleniumLibrary">
<arg>${REGISTER_URL}</arg>
<doc>Navigates the current browser window to the provided ``url``.</doc>
<msg timestamp="20241111 20:21:49.358" level="INFO">Opening url 'http://localhost:5001/register'</msg>
<status status="PASS" starttime="20241111 20:21:49.358" endtime="20241111 20:21:49.878"/>
</kw>
<status status="PASS" starttime="20241111 20:21:49.358" endtime="20241111 20:21:49.878"/>
</kw>
<status status="PASS" starttime="20241111 20:21:48.817" endtime="20241111 20:21:49.878"/>
</kw>
<kw name="Set Username">
<arg>ee</arg>
<kw name="Input Text" library="SeleniumLibrary">
<arg>username</arg>
<arg>${username}</arg>
<doc>Types the given ``text`` into the text field identified by ``locator``.</doc>
<msg timestamp="20241111 20:21:49.880" level="INFO">Typing text 'ee' into text field 'username'.</msg>
<status status="PASS" starttime="20241111 20:21:49.879" endtime="20241111 20:21:51.454"/>
</kw>
<status status="PASS" starttime="20241111 20:21:49.878" endtime="20241111 20:21:51.454"/>
</kw>
<kw name="Set Password">
<arg>eetu1234</arg>
<kw name="Input Password" library="SeleniumLibrary">
<arg>password</arg>
<arg>${password}</arg>
<doc>Types the given password into the text field identified by ``locator``.</doc>
<msg timestamp="20241111 20:21:51.456" level="INFO">Typing password into text field 'password'.</msg>
<msg timestamp="20241111 20:21:52.490" level="INFO">Temporally setting log level to: NONE</msg>
<msg timestamp="20241111 20:21:53.029" level="INFO">Log level changed from NONE to INFO.</msg>
<status status="PASS" starttime="20241111 20:21:51.455" endtime="20241111 20:21:53.029"/>
</kw>
<status status="PASS" starttime="20241111 20:21:51.455" endtime="20241111 20:21:53.029"/>
</kw>
<kw name="Set Password Confirmation">
<arg>eetu1234</arg>
<kw name="Input Password" library="SeleniumLibrary">
<arg>password_confirmation</arg>
<arg>${password}</arg>
<doc>Types the given password into the text field identified by ``locator``.</doc>
<msg timestamp="20241111 20:21:53.030" level="INFO">Typing password into text field 'password_confirmation'.</msg>
<msg timestamp="20241111 20:21:54.070" level="INFO">Temporally setting log level to: NONE</msg>
<msg timestamp="20241111 20:21:54.593" level="INFO">Log level changed from NONE to INFO.</msg>
<status status="PASS" starttime="20241111 20:21:53.030" endtime="20241111 20:21:54.593"/>
</kw>
<status status="PASS" starttime="20241111 20:21:53.029" endtime="20241111 20:21:54.593"/>
</kw>
<kw name="Submit Credentials">
<kw name="Click Button" library="SeleniumLibrary">
<arg>Register</arg>
<doc>Clicks the button identified by ``locator``.</doc>
<msg timestamp="20241111 20:21:54.594" level="INFO">Clicking button 'Register'.</msg>
<status status="PASS" starttime="20241111 20:21:54.594" endtime="20241111 20:21:56.634"/>
</kw>
<status status="PASS" starttime="20241111 20:21:54.593" endtime="20241111 20:21:56.634"/>
</kw>
<kw name="Register Should Fail With Message">
<arg>Username ee is too short</arg>
<kw name="Register Page Should Be Open" library="resource">
<kw name="Title Should Be" library="SeleniumLibrary">
<arg>Register</arg>
<doc>Verifies that the current page title equals ``title``.</doc>
<msg timestamp="20241111 20:21:57.137" level="INFO">Page title is 'Register'.</msg>
<status status="PASS" starttime="20241111 20:21:56.634" endtime="20241111 20:21:57.138"/>
</kw>
<status status="PASS" starttime="20241111 20:21:56.634" endtime="20241111 20:21:57.138"/>
</kw>
<kw name="Page Should Contain" library="SeleniumLibrary">
<arg>${message}</arg>
<doc>Verifies that current page contains ``text``.</doc>
<msg timestamp="20241111 20:21:58.149" level="INFO">Current page contains text 'Username ee is too short'.</msg>
<status status="PASS" starttime="20241111 20:21:57.138" endtime="20241111 20:21:58.149"/>
</kw>
<status status="PASS" starttime="20241111 20:21:56.634" endtime="20241111 20:21:58.149"/>
</kw>
<status status="PASS" starttime="20241111 20:21:48.817" endtime="20241111 20:21:58.149"/>
</test>
<test id="s1-s3-t3" name="Register With Valid Username And Too Short Password" line="23">
<kw name="Reset Application Create User And Go To Register Page" type="SETUP">
<kw name="Reset Application" library="resource">
<kw name="Go To" library="SeleniumLibrary">
<arg>${RESET_URL}</arg>
<doc>Navigates the current browser window to the provided ``url``.</doc>
<msg timestamp="20241111 20:21:58.150" level="INFO">Opening url 'http://localhost:5001/tests/reset'</msg>
<status status="PASS" starttime="20241111 20:21:58.150" endtime="20241111 20:21:58.665"/>
</kw>
<status status="PASS" starttime="20241111 20:21:58.150" endtime="20241111 20:21:58.665"/>
</kw>
<kw name="Create User" library="AppLibrary">
<arg>kalle</arg>
<arg>kalle123</arg>
<status status="PASS" starttime="20241111 20:21:58.665" endtime="20241111 20:21:58.673"/>
</kw>
<kw name="Go To Register Page" library="resource">
<kw name="Go To" library="SeleniumLibrary">
<arg>${REGISTER_URL}</arg>
<doc>Navigates the current browser window to the provided ``url``.</doc>
<msg timestamp="20241111 20:21:58.673" level="INFO">Opening url 'http://localhost:5001/register'</msg>
<status status="PASS" starttime="20241111 20:21:58.673" endtime="20241111 20:21:59.189"/>
</kw>
<status status="PASS" starttime="20241111 20:21:58.673" endtime="20241111 20:21:59.190"/>
</kw>
<status status="PASS" starttime="20241111 20:21:58.150" endtime="20241111 20:21:59.190"/>
</kw>
<kw name="Set Username">
<arg>eetu2</arg>
<kw name="Input Text" library="SeleniumLibrary">
<arg>username</arg>
<arg>${username}</arg>
<doc>Types the given ``text`` into the text field identified by ``locator``.</doc>
<msg timestamp="20241111 20:21:59.190" level="INFO">Typing text 'eetu2' into text field 'username'.</msg>
<status status="PASS" starttime="20241111 20:21:59.190" endtime="20241111 20:22:00.738"/>
</kw>
<status status="PASS" starttime="20241111 20:21:59.190" endtime="20241111 20:22:00.738"/>
</kw>
<kw name="Set Password">
<arg>eetu</arg>
<kw name="Input Password" library="SeleniumLibrary">
<arg>password</arg>
<arg>${password}</arg>
<doc>Types the given password into the text field identified by ``locator``.</doc>
<msg timestamp="20241111 20:22:00.740" level="INFO">Typing password into text field 'password'.</msg>
<msg timestamp="20241111 20:22:01.774" level="INFO">Temporally setting log level to: NONE</msg>
<msg timestamp="20241111 20:22:02.310" level="INFO">Log level changed from NONE to INFO.</msg>
<status status="PASS" starttime="20241111 20:22:00.739" endtime="20241111 20:22:02.310"/>
</kw>
<status status="PASS" starttime="20241111 20:22:00.739" endtime="20241111 20:22:02.310"/>
</kw>
<kw name="Set Password Confirmation">
<arg>eetu</arg>
<kw name="Input Password" library="SeleniumLibrary">
<arg>password_confirmation</arg>
<arg>${password}</arg>
<doc>Types the given password into the text field identified by ``locator``.</doc>
<msg timestamp="20241111 20:22:02.312" level="INFO">Typing password into text field 'password_confirmation'.</msg>
<msg timestamp="20241111 20:22:03.339" level="INFO">Temporally setting log level to: NONE</msg>
<msg timestamp="20241111 20:22:03.877" level="INFO">Log level changed from NONE to INFO.</msg>
<status status="PASS" starttime="20241111 20:22:02.311" endtime="20241111 20:22:03.877"/>
</kw>
<status status="PASS" starttime="20241111 20:22:02.310" endtime="20241111 20:22:03.877"/>
</kw>
<kw name="Submit Credentials">
<kw name="Click Button" library="SeleniumLibrary">
<arg>Register</arg>
<doc>Clicks the button identified by ``locator``.</doc>
<msg timestamp="20241111 20:22:03.879" level="INFO">Clicking button 'Register'.</msg>
<status status="PASS" starttime="20241111 20:22:03.878" endtime="20241111 20:22:05.944"/>
</kw>
<status status="PASS" starttime="20241111 20:22:03.878" endtime="20241111 20:22:05.944"/>
</kw>
<kw name="Register Should Fail With Message">
<arg>Password is too short</arg>
<kw name="Register Page Should Be Open" library="resource">
<kw name="Title Should Be" library="SeleniumLibrary">
<arg>Register</arg>
<doc>Verifies that the current page title equals ``title``.</doc>
<msg timestamp="20241111 20:22:06.455" level="INFO">Page title is 'Register'.</msg>
<status status="PASS" starttime="20241111 20:22:05.946" endtime="20241111 20:22:06.455"/>
</kw>
<status status="PASS" starttime="20241111 20:22:05.945" endtime="20241111 20:22:06.455"/>
</kw>
<kw name="Page Should Contain" library="SeleniumLibrary">
<arg>${message}</arg>
<doc>Verifies that current page contains ``text``.</doc>
<msg timestamp="20241111 20:22:07.484" level="INFO">Current page contains text 'Password is too short'.</msg>
<status status="PASS" starttime="20241111 20:22:06.455" endtime="20241111 20:22:07.484"/>
</kw>
<status status="PASS" starttime="20241111 20:22:05.945" endtime="20241111 20:22:07.484"/>
</kw>
<status status="PASS" starttime="20241111 20:21:58.149" endtime="20241111 20:22:07.485"/>
</test>
<test id="s1-s3-t4" name="Register With Valid Username And Invalid Password" line="30">
<kw name="Reset Application Create User And Go To Register Page" type="SETUP">
<kw name="Reset Application" library="resource">
<kw name="Go To" library="SeleniumLibrary">
<arg>${RESET_URL}</arg>
<doc>Navigates the current browser window to the provided ``url``.</doc>
<msg timestamp="20241111 20:22:07.487" level="INFO">Opening url 'http://localhost:5001/tests/reset'</msg>
<status status="PASS" starttime="20241111 20:22:07.487" endtime="20241111 20:22:08.011"/>
</kw>
<status status="PASS" starttime="20241111 20:22:07.487" endtime="20241111 20:22:08.012"/>
</kw>
<kw name="Create User" library="AppLibrary">
<arg>kalle</arg>
<arg>kalle123</arg>
<status status="PASS" starttime="20241111 20:22:08.012" endtime="20241111 20:22:08.023"/>
</kw>
<kw name="Go To Register Page" library="resource">
<kw name="Go To" library="SeleniumLibrary">
<arg>${REGISTER_URL}</arg>
<doc>Navigates the current browser window to the provided ``url``.</doc>
<msg timestamp="20241111 20:22:08.024" level="INFO">Opening url 'http://localhost:5001/register'</msg>
<status status="PASS" starttime="20241111 20:22:08.024" endtime="20241111 20:22:08.540"/>
</kw>
<status status="PASS" starttime="20241111 20:22:08.023" endtime="20241111 20:22:08.540"/>
</kw>
<status status="PASS" starttime="20241111 20:22:07.486" endtime="20241111 20:22:08.540"/>
</kw>
<kw name="Set Username">
<arg>eetu2</arg>
<kw name="Input Text" library="SeleniumLibrary">
<arg>username</arg>
<arg>${username}</arg>
<doc>Types the given ``text`` into the text field identified by ``locator``.</doc>
<msg timestamp="20241111 20:22:08.542" level="INFO">Typing text 'eetu2' into text field 'username'.</msg>
<status status="PASS" starttime="20241111 20:22:08.541" endtime="20241111 20:22:10.102"/>
</kw>
<status status="PASS" starttime="20241111 20:22:08.541" endtime="20241111 20:22:10.102"/>
</kw>
<kw name="Set Password">
<arg>eetueetu</arg>
<kw name="Input Password" library="SeleniumLibrary">
<arg>password</arg>
<arg>${password}</arg>
<doc>Types the given password into the text field identified by ``locator``.</doc>
<msg timestamp="20241111 20:22:10.104" level="INFO">Typing password into text field 'password'.</msg>
<msg timestamp="20241111 20:22:11.138" level="INFO">Temporally setting log level to: NONE</msg>
<msg timestamp="20241111 20:22:11.668" level="INFO">Log level changed from NONE to INFO.</msg>
<status status="PASS" starttime="20241111 20:22:10.103" endtime="20241111 20:22:11.669"/>
</kw>
<status status="PASS" starttime="20241111 20:22:10.102" endtime="20241111 20:22:11.669"/>
</kw>
<kw name="Set Password Confirmation">
<arg>eetueetu</arg>
<kw name="Input Password" library="SeleniumLibrary">
<arg>password_confirmation</arg>
<arg>${password}</arg>
<doc>Types the given password into the text field identified by ``locator``.</doc>
<msg timestamp="20241111 20:22:11.670" level="INFO">Typing password into text field 'password_confirmation'.</msg>
<msg timestamp="20241111 20:22:12.707" level="INFO">Temporally setting log level to: NONE</msg>
<msg timestamp="20241111 20:22:13.246" level="INFO">Log level changed from NONE to INFO.</msg>
<status status="PASS" starttime="20241111 20:22:11.670" endtime="20241111 20:22:13.246"/>
</kw>
<status status="PASS" starttime="20241111 20:22:11.669" endtime="20241111 20:22:13.246"/>
</kw>
<kw name="Submit Credentials">
<kw name="Click Button" library="SeleniumLibrary">
<arg>Register</arg>
<doc>Clicks the button identified by ``locator``.</doc>
<msg timestamp="20241111 20:22:13.247" level="INFO">Clicking button 'Register'.</msg>
<status status="PASS" starttime="20241111 20:22:13.247" endtime="20241111 20:22:15.320"/>
</kw>
<status status="PASS" starttime="20241111 20:22:13.246" endtime="20241111 20:22:15.320"/>
</kw>
<kw name="Register Should Fail With Message">
<arg>Password must contain at least one number</arg>
<kw name="Register Page Should Be Open" library="resource">
<kw name="Title Should Be" library="SeleniumLibrary">
<arg>Register</arg>
<doc>Verifies that the current page title equals ``title``.</doc>
<msg timestamp="20241111 20:22:15.829" level="INFO">Page title is 'Register'.</msg>
<status status="PASS" starttime="20241111 20:22:15.321" endtime="20241111 20:22:15.829"/>
</kw>
<status status="PASS" starttime="20241111 20:22:15.321" endtime="20241111 20:22:15.829"/>
</kw>
<kw name="Page Should Contain" library="SeleniumLibrary">
<arg>${message}</arg>
<doc>Verifies that current page contains ``text``.</doc>
<msg timestamp="20241111 20:22:16.852" level="INFO">Current page contains text 'Password must contain at least one number'.</msg>
<status status="PASS" starttime="20241111 20:22:15.829" endtime="20241111 20:22:16.852"/>
</kw>
<status status="PASS" starttime="20241111 20:22:15.320" endtime="20241111 20:22:16.852"/>
</kw>
<status status="PASS" starttime="20241111 20:22:07.485" endtime="20241111 20:22:16.853"/>
</test>
<test id="s1-s3-t5" name="Register With Nonmatching Password And Password Confirmation" line="38">
<kw name="Reset Application Create User And Go To Register Page" type="SETUP">
<kw name="Reset Application" library="resource">
<kw name="Go To" library="SeleniumLibrary">
<arg>${RESET_URL}</arg>
<doc>Navigates the current browser window to the provided ``url``.</doc>
<msg timestamp="20241111 20:22:16.856" level="INFO">Opening url 'http://localhost:5001/tests/reset'</msg>
<status status="PASS" starttime="20241111 20:22:16.855" endtime="20241111 20:22:17.375"/>
</kw>
<status status="PASS" starttime="20241111 20:22:16.855" endtime="20241111 20:22:17.375"/>
</kw>
<kw name="Create User" library="AppLibrary">
<arg>kalle</arg>
<arg>kalle123</arg>
<status status="PASS" starttime="20241111 20:22:17.376" endtime="20241111 20:22:17.387"/>
</kw>
<kw name="Go To Register Page" library="resource">
<kw name="Go To" library="SeleniumLibrary">
<arg>${REGISTER_URL}</arg>
<doc>Navigates the current browser window to the provided ``url``.</doc>
<msg timestamp="20241111 20:22:17.388" level="INFO">Opening url 'http://localhost:5001/register'</msg>
<status status="PASS" starttime="20241111 20:22:17.387" endtime="20241111 20:22:17.910"/>
</kw>
<status status="PASS" starttime="20241111 20:22:17.387" endtime="20241111 20:22:17.910"/>
</kw>
<status status="PASS" starttime="20241111 20:22:16.854" endtime="20241111 20:22:17.910"/>
</kw>
<kw name="Set Username">
<arg>eetu2</arg>
<kw name="Input Text" library="SeleniumLibrary">
<arg>username</arg>
<arg>${username}</arg>
<doc>Types the given ``text`` into the text field identified by ``locator``.</doc>
<msg timestamp="20241111 20:22:17.912" level="INFO">Typing text 'eetu2' into text field 'username'.</msg>
<status status="PASS" starttime="20241111 20:22:17.911" endtime="20241111 20:22:19.480"/>
</kw>
<status status="PASS" starttime="20241111 20:22:17.910" endtime="20241111 20:22:19.480"/>
</kw>
<kw name="Set Password">
<arg>eetu1234</arg>
<kw name="Input Password" library="SeleniumLibrary">
<arg>password</arg>
<arg>${password}</arg>
<doc>Types the given password into the text field identified by ``locator``.</doc>
<msg timestamp="20241111 20:22:19.482" level="INFO">Typing password into text field 'password'.</msg>
<msg timestamp="20241111 20:22:20.511" level="INFO">Temporally setting log level to: NONE</msg>
<msg timestamp="20241111 20:22:21.048" level="INFO">Log level changed from NONE to INFO.</msg>
<status status="PASS" starttime="20241111 20:22:19.481" endtime="20241111 20:22:21.048"/>
</kw>
<status status="PASS" starttime="20241111 20:22:19.480" endtime="20241111 20:22:21.048"/>
</kw>
<kw name="Set Password Confirmation">
<arg>eetu12345</arg>
<kw name="Input Password" library="SeleniumLibrary">
<arg>password_confirmation</arg>
<arg>${password}</arg>
<doc>Types the given password into the text field identified by ``locator``.</doc>
<msg timestamp="20241111 20:22:21.050" level="INFO">Typing password into text field 'password_confirmation'.</msg>
<msg timestamp="20241111 20:22:22.090" level="INFO">Temporally setting log level to: NONE</msg>
<msg timestamp="20241111 20:22:22.625" level="INFO">Log level changed from NONE to INFO.</msg>
<status status="PASS" starttime="20241111 20:22:21.049" endtime="20241111 20:22:22.625"/>
</kw>
<status status="PASS" starttime="20241111 20:22:21.049" endtime="20241111 20:22:22.625"/>
</kw>
<kw name="Submit Credentials">
<kw name="Click Button" library="SeleniumLibrary">
<arg>Register</arg>
<doc>Clicks the button identified by ``locator``.</doc>
<msg timestamp="20241111 20:22:22.627" level="INFO">Clicking button 'Register'.</msg>
<status status="PASS" starttime="20241111 20:22:22.626" endtime="20241111 20:22:24.696"/>
</kw>
<status status="PASS" starttime="20241111 20:22:22.626" endtime="20241111 20:22:24.696"/>
</kw>
<kw name="Register Should Fail With Message">
<arg>Password didn't match with the confirmation</arg>
<kw name="Register Page Should Be Open" library="resource">
<kw name="Title Should Be" library="SeleniumLibrary">
<arg>Register</arg>
<doc>Verifies that the current page title equals ``title``.</doc>
<msg timestamp="20241111 20:22:25.207" level="INFO">Page title is 'Register'.</msg>
<status status="PASS" starttime="20241111 20:22:24.698" endtime="20241111 20:22:25.208"/>
</kw>
<status status="PASS" starttime="20241111 20:22:24.697" endtime="20241111 20:22:25.208"/>
</kw>
<kw name="Page Should Contain" library="SeleniumLibrary">
<arg>${message}</arg>
<doc>Verifies that current page contains ``text``.</doc>
<msg timestamp="20241111 20:22:26.229" level="INFO">Current page contains text 'Password didn't match with the confirmation'.</msg>
<status status="PASS" starttime="20241111 20:22:25.208" endtime="20241111 20:22:26.230"/>
</kw>
<status status="PASS" starttime="20241111 20:22:24.697" endtime="20241111 20:22:26.230"/>
</kw>
<status status="PASS" starttime="20241111 20:22:16.853" endtime="20241111 20:22:26.230"/>
</test>
<test id="s1-s3-t6" name="Register With Username That Is Already In Use" line="45">
<kw name="Reset Application Create User And Go To Register Page" type="SETUP">
<kw name="Reset Application" library="resource">
<kw name="Go To" library="SeleniumLibrary">
<arg>${RESET_URL}</arg>
<doc>Navigates the current browser window to the provided ``url``.</doc>
<msg timestamp="20241111 20:22:26.233" level="INFO">Opening url 'http://localhost:5001/tests/reset'</msg>
<status status="PASS" starttime="20241111 20:22:26.232" endtime="20241111 20:22:26.757"/>
</kw>
<status status="PASS" starttime="20241111 20:22:26.232" endtime="20241111 20:22:26.757"/>
</kw>
<kw name="Create User" library="AppLibrary">
<arg>kalle</arg>
<arg>kalle123</arg>
<status status="PASS" starttime="20241111 20:22:26.757" endtime="20241111 20:22:26.768"/>
</kw>
<kw name="Go To Register Page" library="resource">
<kw name="Go To" library="SeleniumLibrary">
<arg>${REGISTER_URL}</arg>
<doc>Navigates the current browser window to the provided ``url``.</doc>
<msg timestamp="20241111 20:22:26.769" level="INFO">Opening url 'http://localhost:5001/register'</msg>
<status status="PASS" starttime="20241111 20:22:26.769" endtime="20241111 20:22:27.286"/>
</kw>
<status status="PASS" starttime="20241111 20:22:26.768" endtime="20241111 20:22:27.286"/>
</kw>
<status status="PASS" starttime="20241111 20:22:26.232" endtime="20241111 20:22:27.286"/>
</kw>
<kw name="Set Username">
<arg>kalle</arg>
<kw name="Input Text" library="SeleniumLibrary">
<arg>username</arg>
<arg>${username}</arg>
<doc>Types the given ``text`` into the text field identified by ``locator``.</doc>
<msg timestamp="20241111 20:22:27.288" level="INFO">Typing text 'kalle' into text field 'username'.</msg>
<status status="PASS" starttime="20241111 20:22:27.287" endtime="20241111 20:22:28.861"/>
</kw>
<status status="PASS" starttime="20241111 20:22:27.286" endtime="20241111 20:22:28.862"/>
</kw>
<kw name="Set Password">
<arg>eetu1234</arg>
<kw name="Input Password" library="SeleniumLibrary">
<arg>password</arg>
<arg>${password}</arg>
<doc>Types the given password into the text field identified by ``locator``.</doc>
<msg timestamp="20241111 20:22:28.864" level="INFO">Typing password into text field 'password'.</msg>
<msg timestamp="20241111 20:22:29.905" level="INFO">Temporally setting log level to: NONE</msg>
<msg timestamp="20241111 20:22:30.441" level="INFO">Log level changed from NONE to INFO.</msg>
<status status="PASS" starttime="20241111 20:22:28.863" endtime="20241111 20:22:30.441"/>
</kw>
<status status="PASS" starttime="20241111 20:22:28.862" endtime="20241111 20:22:30.441"/>
</kw>
<kw name="Set Password Confirmation">
<arg>eetu1234</arg>
<kw name="Input Password" library="SeleniumLibrary">
<arg>password_confirmation</arg>
<arg>${password}</arg>
<doc>Types the given password into the text field identified by ``locator``.</doc>
<msg timestamp="20241111 20:22:30.443" level="INFO">Typing password into text field 'password_confirmation'.</msg>
<msg timestamp="20241111 20:22:31.483" level="INFO">Temporally setting log level to: NONE</msg>
<msg timestamp="20241111 20:22:32.011" level="INFO">Log level changed from NONE to INFO.</msg>
<status status="PASS" starttime="20241111 20:22:30.442" endtime="20241111 20:22:32.011"/>
</kw>
<status status="PASS" starttime="20241111 20:22:30.441" endtime="20241111 20:22:32.012"/>
</kw>
<kw name="Submit Credentials">
<kw name="Click Button" library="SeleniumLibrary">
<arg>Register</arg>
<doc>Clicks the button identified by ``locator``.</doc>
<msg timestamp="20241111 20:22:32.013" level="INFO">Clicking button 'Register'.</msg>
<status status="PASS" starttime="20241111 20:22:32.012" endtime="20241111 20:22:34.081"/>
</kw>
<status status="PASS" starttime="20241111 20:22:32.012" endtime="20241111 20:22:34.081"/>
</kw>
<kw name="Register Should Fail With Message">
<arg>User with username kalle already exists</arg>
<kw name="Register Page Should Be Open" library="resource">
<kw name="Title Should Be" library="SeleniumLibrary">
<arg>Register</arg>
<doc>Verifies that the current page title equals ``title``.</doc>
<msg timestamp="20241111 20:22:34.591" level="INFO">Page title is 'Register'.</msg>
<status status="PASS" starttime="20241111 20:22:34.083" endtime="20241111 20:22:34.591"/>
</kw>
<status status="PASS" starttime="20241111 20:22:34.082" endtime="20241111 20:22:34.591"/>
</kw>
<kw name="Page Should Contain" library="SeleniumLibrary">
<arg>${message}</arg>
<doc>Verifies that current page contains ``text``.</doc>
<msg timestamp="20241111 20:22:35.616" level="INFO">Current page contains text 'User with username kalle already exists'.</msg>
<status status="PASS" starttime="20241111 20:22:34.592" endtime="20241111 20:22:35.617"/>
</kw>
<status status="PASS" starttime="20241111 20:22:34.082" endtime="20241111 20:22:35.617"/>
</kw>
<status status="PASS" starttime="20241111 20:22:26.231" endtime="20241111 20:22:35.617"/>
</test>
<test id="s1-s3-t7" name="Login After Successful Registration" line="52">
<kw name="Reset Application Create User And Go To Register Page" type="SETUP">
<kw name="Reset Application" library="resource">
<kw name="Go To" library="SeleniumLibrary">
<arg>${RESET_URL}</arg>
<doc>Navigates the current browser window to the provided ``url``.</doc>
<msg timestamp="20241111 20:22:35.620" level="INFO">Opening url 'http://localhost:5001/tests/reset'</msg>
<status status="PASS" starttime="20241111 20:22:35.619" endtime="20241111 20:22:36.139"/>
</kw>
<status status="PASS" starttime="20241111 20:22:35.619" endtime="20241111 20:22:36.139"/>
</kw>
<kw name="Create User" library="AppLibrary">
<arg>kalle</arg>
<arg>kalle123</arg>
<status status="PASS" starttime="20241111 20:22:36.139" endtime="20241111 20:22:36.151"/>
</kw>
<kw name="Go To Register Page" library="resource">
<kw name="Go To" library="SeleniumLibrary">
<arg>${REGISTER_URL}</arg>
<doc>Navigates the current browser window to the provided ``url``.</doc>
<msg timestamp="20241111 20:22:36.152" level="INFO">Opening url 'http://localhost:5001/register'</msg>
<status status="PASS" starttime="20241111 20:22:36.151" endtime="20241111 20:22:36.675"/>
</kw>
<status status="PASS" starttime="20241111 20:22:36.151" endtime="20241111 20:22:36.675"/>
</kw>
<status status="PASS" starttime="20241111 20:22:35.619" endtime="20241111 20:22:36.675"/>
</kw>
<kw name="Set Username">
<arg>eetu3</arg>
<kw name="Input Text" library="SeleniumLibrary">
<arg>username</arg>
<arg>${username}</arg>
<doc>Types the given ``text`` into the text field identified by ``locator``.</doc>
<msg timestamp="20241111 20:22:36.677" level="INFO">Typing text 'eetu3' into text field 'username'.</msg>
<status status="PASS" starttime="20241111 20:22:36.676" endtime="20241111 20:22:38.252"/>
</kw>
<status status="PASS" starttime="20241111 20:22:36.675" endtime="20241111 20:22:38.252"/>
</kw>
<kw name="Set Password">
<arg>eetu1234</arg>
<kw name="Input Password" library="SeleniumLibrary">
<arg>password</arg>
<arg>${password}</arg>
<doc>Types the given password into the text field identified by ``locator``.</doc>
<msg timestamp="20241111 20:22:38.253" level="INFO">Typing password into text field 'password'.</msg>
<msg timestamp="20241111 20:22:39.282" level="INFO">Temporally setting log level to: NONE</msg>
<msg timestamp="20241111 20:22:39.817" level="INFO">Log level changed from NONE to INFO.</msg>
<status status="PASS" starttime="20241111 20:22:38.253" endtime="20241111 20:22:39.817"/>
</kw>
<status status="PASS" starttime="20241111 20:22:38.253" endtime="20241111 20:22:39.817"/>
</kw>
<kw name="Set Password Confirmation">
<arg>eetu1234</arg>
<kw name="Input Password" library="SeleniumLibrary">
<arg>password_confirmation</arg>
<arg>${password}</arg>
<doc>Types the given password into the text field identified by ``locator``.</doc>
<msg timestamp="20241111 20:22:39.819" level="INFO">Typing password into text field 'password_confirmation'.</msg>
<msg timestamp="20241111 20:22:40.855" level="INFO">Temporally setting log level to: NONE</msg>
<msg timestamp="20241111 20:22:41.382" level="INFO">Log level changed from NONE to INFO.</msg>
<status status="PASS" starttime="20241111 20:22:39.818" endtime="20241111 20:22:41.382"/>
</kw>
<status status="PASS" starttime="20241111 20:22:39.817" endtime="20241111 20:22:41.382"/>
</kw>
<kw name="Submit Credentials">
<kw name="Click Button" library="SeleniumLibrary">
<arg>Register</arg>
<doc>Clicks the button identified by ``locator``.</doc>
<msg timestamp="20241111 20:22:41.384" level="INFO">Clicking button 'Register'.</msg>
<status status="PASS" starttime="20241111 20:22:41.383" endtime="20241111 20:22:43.439"/>
</kw>
<status status="PASS" starttime="20241111 20:22:41.383" endtime="20241111 20:22:43.439"/>
</kw>
<kw name="Register Should Succeed">
<kw name="Welcome Page Should Be Open" library="resource">
<kw name="Title Should Be" library="SeleniumLibrary">
<arg>Welcome to Ohtu Application!</arg>
<doc>Verifies that the current page title equals ``title``.</doc>
<msg timestamp="20241111 20:22:43.942" level="INFO">Page title is 'Welcome to Ohtu Application!'.</msg>
<status status="PASS" starttime="20241111 20:22:43.439" endtime="20241111 20:22:43.942"/>
</kw>
<status status="PASS" starttime="20241111 20:22:43.439" endtime="20241111 20:22:43.943"/>
</kw>
<status status="PASS" starttime="20241111 20:22:43.439" endtime="20241111 20:22:43.943"/>
</kw>
<kw name="Go To Main Page" library="resource">
<kw name="Go To" library="SeleniumLibrary">
<arg>${MAIN_URL}</arg>
<doc>Navigates the current browser window to the provided ``url``.</doc>
<msg timestamp="20241111 20:22:43.943" level="INFO">Opening url 'http://localhost:5001/ohtu'</msg>
<status status="PASS" starttime="20241111 20:22:43.943" endtime="20241111 20:22:44.462"/>
</kw>
<status status="PASS" starttime="20241111 20:22:43.943" endtime="20241111 20:22:44.462"/>
</kw>
<kw name="Click Button" library="SeleniumLibrary">
<arg>Logout</arg>
<doc>Clicks the button identified by ``locator``.</doc>
<msg timestamp="20241111 20:22:44.463" level="INFO">Clicking button 'Logout'.</msg>
<status status="PASS" starttime="20241111 20:22:44.462" endtime="20241111 20:22:46.554"/>
</kw>
<kw name="Set Username">
<arg>eetu3</arg>
<kw name="Input Text" library="SeleniumLibrary">
<arg>username</arg>
<arg>${username}</arg>
<doc>Types the given ``text`` into the text field identified by ``locator``.</doc>
<msg timestamp="20241111 20:22:46.555" level="INFO">Typing text 'eetu3' into text field 'username'.</msg>
<status status="PASS" starttime="20241111 20:22:46.555" endtime="20241111 20:22:48.123"/>
</kw>
<status status="PASS" starttime="20241111 20:22:46.554" endtime="20241111 20:22:48.123"/>
</kw>
<kw name="Set Password">
<arg>eetu1234</arg>
<kw name="Input Password" library="SeleniumLibrary">
<arg>password</arg>
<arg>${password}</arg>
<doc>Types the given password into the text field identified by ``locator``.</doc>
<msg timestamp="20241111 20:22:48.125" level="INFO">Typing password into text field 'password'.</msg>
<msg timestamp="20241111 20:22:49.165" level="INFO">Temporally setting log level to: NONE</msg>
<msg timestamp="20241111 20:22:49.701" level="INFO">Log level changed from NONE to INFO.</msg>
<status status="PASS" starttime="20241111 20:22:48.124" endtime="20241111 20:22:49.701"/>
</kw>
<status status="PASS" starttime="20241111 20:22:48.124" endtime="20241111 20:22:49.701"/>
</kw>
<kw name="Submit Login Credentials">
<kw name="Click Button" library="SeleniumLibrary">
<arg>Login</arg>
<doc>Clicks the button identified by ``locator``.</doc>
<msg timestamp="20241111 20:22:49.703" level="INFO">Clicking button 'Login'.</msg>
<status status="PASS" starttime="20241111 20:22:49.702" endtime="20241111 20:22:51.777"/>
</kw>
<status status="PASS" starttime="20241111 20:22:49.702" endtime="20241111 20:22:51.778"/>
</kw>
<kw name="Login Should Succeed">
<kw name="Main Page Should Be Open" library="resource">
<kw name="Title Should Be" library="SeleniumLibrary">
<arg>Ohtu Application main page</arg>
<doc>Verifies that the current page title equals ``title``.</doc>
<msg timestamp="20241111 20:22:52.283" level="INFO">Page title is 'Ohtu Application main page'.</msg>
<status status="PASS" starttime="20241111 20:22:51.779" endtime="20241111 20:22:52.283"/>
</kw>
<status status="PASS" starttime="20241111 20:22:51.778" endtime="20241111 20:22:52.283"/>
</kw>
<status status="PASS" starttime="20241111 20:22:51.778" endtime="20241111 20:22:52.283"/>
</kw>
<status status="PASS" starttime="20241111 20:22:35.618" endtime="20241111 20:22:52.283"/>
</test>
<test id="s1-s3-t8" name="Login After Failed Registration" line="65">
<kw name="Reset Application Create User And Go To Register Page" type="SETUP">
<kw name="Reset Application" library="resource">
<kw name="Go To" library="SeleniumLibrary">
<arg>${RESET_URL}</arg>
<doc>Navigates the current browser window to the provided ``url``.</doc>
<msg timestamp="20241111 20:22:52.286" level="INFO">Opening url 'http://localhost:5001/tests/reset'</msg>
<status status="PASS" starttime="20241111 20:22:52.286" endtime="20241111 20:22:52.807"/>
</kw>
<status status="PASS" starttime="20241111 20:22:52.285" endtime="20241111 20:22:52.807"/>
</kw>
<kw name="Create User" library="AppLibrary">
<arg>kalle</arg>
<arg>kalle123</arg>
<status status="PASS" starttime="20241111 20:22:52.808" endtime="20241111 20:22:52.819"/>
</kw>
<kw name="Go To Register Page" library="resource">
<kw name="Go To" library="SeleniumLibrary">
<arg>${REGISTER_URL}</arg>
<doc>Navigates the current browser window to the provided ``url``.</doc>
<msg timestamp="20241111 20:22:52.820" level="INFO">Opening url 'http://localhost:5001/register'</msg>
<status status="PASS" starttime="20241111 20:22:52.819" endtime="20241111 20:22:53.338"/>
</kw>
<status status="PASS" starttime="20241111 20:22:52.819" endtime="20241111 20:22:53.338"/>
</kw>
<status status="PASS" starttime="20241111 20:22:52.285" endtime="20241111 20:22:53.338"/>
</kw>
<kw name="Set Username">
<arg>eetu4</arg>
<kw name="Input Text" library="SeleniumLibrary">
<arg>username</arg>
<arg>${username}</arg>
<doc>Types the given ``text`` into the text field identified by ``locator``.</doc>
<msg timestamp="20241111 20:22:53.340" level="INFO">Typing text 'eetu4' into text field 'username'.</msg>
<status status="PASS" starttime="20241111 20:22:53.339" endtime="20241111 20:22:54.912"/>
</kw>
<status status="PASS" starttime="20241111 20:22:53.338" endtime="20241111 20:22:54.912"/>
</kw>
<kw name="Set Password">
<arg>eetu</arg>
<kw name="Input Password" library="SeleniumLibrary">
<arg>password</arg>
<arg>${password}</arg>
<doc>Types the given password into the text field identified by ``locator``.</doc>
<msg timestamp="20241111 20:22:54.914" level="INFO">Typing password into text field 'password'.</msg>
<msg timestamp="20241111 20:22:55.948" level="INFO">Temporally setting log level to: NONE</msg>
<msg timestamp="20241111 20:22:56.486" level="INFO">Log level changed from NONE to INFO.</msg>
<status status="PASS" starttime="20241111 20:22:54.913" endtime="20241111 20:22:56.486"/>
</kw>
<status status="PASS" starttime="20241111 20:22:54.912" endtime="20241111 20:22:56.486"/>
</kw>
<kw name="Set Password Confirmation">
<arg>eetu</arg>
<kw name="Input Password" library="SeleniumLibrary">
<arg>password_confirmation</arg>
<arg>${password}</arg>
<doc>Types the given password into the text field identified by ``locator``.</doc>
<msg timestamp="20241111 20:22:56.488" level="INFO">Typing password into text field 'password_confirmation'.</msg>
<msg timestamp="20241111 20:22:57.529" level="INFO">Temporally setting log level to: NONE</msg>
<msg timestamp="20241111 20:22:58.065" level="INFO">Log level changed from NONE to INFO.</msg>
<status status="PASS" starttime="20241111 20:22:56.487" endtime="20241111 20:22:58.066"/>
</kw>
<status status="PASS" starttime="20241111 20:22:56.487" endtime="20241111 20:22:58.066"/>
</kw>
<kw name="Submit Credentials">
<kw name="Click Button" library="SeleniumLibrary">
<arg>Register</arg>
<doc>Clicks the button identified by ``locator``.</doc>
<msg timestamp="20241111 20:22:58.067" level="INFO">Clicking button 'Register'.</msg>
<status status="PASS" starttime="20241111 20:22:58.067" endtime="20241111 20:23:00.144"/>
</kw>
<status status="PASS" starttime="20241111 20:22:58.066" endtime="20241111 20:23:00.144"/>
</kw>
<kw name="Register Should Fail With Message">
<arg>Password is too short</arg>
<kw name="Register Page Should Be Open" library="resource">
<kw name="Title Should Be" library="SeleniumLibrary">
<arg>Register</arg>
<doc>Verifies that the current page title equals ``title``.</doc>
<msg timestamp="20241111 20:23:00.655" level="INFO">Page title is 'Register'.</msg>
<status status="PASS" starttime="20241111 20:23:00.145" endtime="20241111 20:23:00.655"/>
</kw>
<status status="PASS" starttime="20241111 20:23:00.145" endtime="20241111 20:23:00.655"/>
</kw>
<kw name="Page Should Contain" library="SeleniumLibrary">
<arg>${message}</arg>
<doc>Verifies that current page contains ``text``.</doc>
<msg timestamp="20241111 20:23:01.677" level="INFO">Current page contains text 'Password is too short'.</msg>
<status status="PASS" starttime="20241111 20:23:00.655" endtime="20241111 20:23:01.677"/>
</kw>
<status status="PASS" starttime="20241111 20:23:00.144" endtime="20241111 20:23:01.677"/>
</kw>
<kw name="Go To Login Page" library="resource">
<kw name="Go To" library="SeleniumLibrary">
<arg>${LOGIN_URL}</arg>
<doc>Navigates the current browser window to the provided ``url``.</doc>
<msg timestamp="20241111 20:23:01.678" level="INFO">Opening url 'http://localhost:5001/login'</msg>
<status status="PASS" starttime="20241111 20:23:01.678" endtime="20241111 20:23:02.208"/>
</kw>
<status status="PASS" starttime="20241111 20:23:01.677" endtime="20241111 20:23:02.208"/>
</kw>
<kw name="Set Username">
<arg>eetu4</arg>
<kw name="Input Text" library="SeleniumLibrary">
<arg>username</arg>
<arg>${username}</arg>
<doc>Types the given ``text`` into the text field identified by ``locator``.</doc>
<msg timestamp="20241111 20:23:02.210" level="INFO">Typing text 'eetu4' into text field 'username'.</msg>
<status status="PASS" starttime="20241111 20:23:02.209" endtime="20241111 20:23:03.779"/>
</kw>
<status status="PASS" starttime="20241111 20:23:02.208" endtime="20241111 20:23:03.779"/>
</kw>
<kw name="Set Password">
<arg>eetu</arg>
<kw name="Input Password" library="SeleniumLibrary">
<arg>password</arg>
<arg>${password}</arg>
<doc>Types the given password into the text field identified by ``locator``.</doc>
<msg timestamp="20241111 20:23:03.781" level="INFO">Typing password into text field 'password'.</msg>
<msg timestamp="20241111 20:23:04.817" level="INFO">Temporally setting log level to: NONE</msg>
<msg timestamp="20241111 20:23:05.353" level="INFO">Log level changed from NONE to INFO.</msg>
<status status="PASS" starttime="20241111 20:23:03.780" endtime="20241111 20:23:05.354"/>
</kw>
<status status="PASS" starttime="20241111 20:23:03.779" endtime="20241111 20:23:05.354"/>
</kw>
<kw name="Submit Login Credentials">
<kw name="Click Button" library="SeleniumLibrary">
<arg>Login</arg>
<doc>Clicks the button identified by ``locator``.</doc>
<msg timestamp="20241111 20:23:05.356" level="INFO">Clicking button 'Login'.</msg>
<status status="PASS" starttime="20241111 20:23:05.355" endtime="20241111 20:23:07.425"/>
</kw>
<status status="PASS" starttime="20241111 20:23:05.354" endtime="20241111 20:23:07.426"/>
</kw>
<kw name="Login Should Fail With Message">
<arg>Invalid username or password</arg>
<kw name="Login Page Should Be Open" library="resource">
<kw name="Title Should Be" library="SeleniumLibrary">
<arg>Login</arg>
<doc>Verifies that the current page title equals ``title``.</doc>
<msg timestamp="20241111 20:23:07.935" level="INFO">Page title is 'Login'.</msg>
<status status="PASS" starttime="20241111 20:23:07.427" endtime="20241111 20:23:07.936"/>
</kw>
<status status="PASS" starttime="20241111 20:23:07.427" endtime="20241111 20:23:07.936"/>
</kw>
<kw name="Page Should Contain" library="SeleniumLibrary">
<arg>${message}</arg>
<doc>Verifies that current page contains ``text``.</doc>
<msg timestamp="20241111 20:23:08.962" level="INFO">Current page contains text 'Invalid username or password'.</msg>
<status status="PASS" starttime="20241111 20:23:07.936" endtime="20241111 20:23:08.962"/>
</kw>
<status status="PASS" starttime="20241111 20:23:07.426" endtime="20241111 20:23:08.963"/>
</kw>
<status status="PASS" starttime="20241111 20:22:52.284" endtime="20241111 20:23:08.963"/>
</test>
<kw name="Close Browser" library="SeleniumLibrary" type="TEARDOWN">
<doc>Closes the current browser.</doc>
<status status="PASS" starttime="20241111 20:23:08.964" endtime="20241111 20:23:09.522"/>
</kw>
<status status="PASS" starttime="20241111 20:21:40.031" endtime="20241111 20:23:09.522"/>
</suite>
<status status="PASS" starttime="20241111 20:21:09.286" endtime="20241111 20:23:09.526"/>
</suite>
<statistics>
<total>
<stat pass="13" fail="0" skip="0">All Tests</stat>
</total>
<tag>
</tag>
<suite>
<stat pass="13" fail="0" skip="0" id="s1" name="Tests">Tests</stat>
<stat pass="2" fail="0" skip="0" id="s1-s1" name="Home">Tests.Home</stat>
<stat pass="3" fail="0" skip="0" id="s1-s2" name="Login">Tests.Login</stat>
<stat pass="8" fail="0" skip="0" id="s1-s3" name="Register">Tests.Register</stat>
</suite>
</statistics>
<errors>
</errors>
</robot>
